<?xml version="1.0" encoding="UTF-8"?>
<!-- Generated by org.testng.reporters.JUnitReportReporter -->
<testsuite hostname="DESKTOP-9TD081C" failures="0" tests="2" name="com.careerhack.runners.TestRunners" time="8.177" errors="0" timestamp="2022-08-20T17:31:50 EDT" skipped="0">
  <testcase classname="com.careerhack.runners.TestRunners" name="runScenario" time="2.841"/>
  <system-out/>
  <testcase classname="com.careerhack.runners.TestRunners" name="runScenario" time="5.336"/>
  <system-out/>
</testsuite> <!-- com.careerhack.runners.TestRunners -->
