<?xml version="1.0" encoding="UTF-8"?>
<!-- Generated by org.testng.reporters.JUnitReportReporter -->
<testsuite hostname="DESKTOP-9TD081C" failures="0" tests="2" name="com.careerhack.runners.TestRunners" time="15.639" errors="0" timestamp="2022-08-22T00:58:05 EDT" skipped="0">
  <testcase classname="com.careerhack.runners.TestRunners" name="runScenario" time="8.189"/>
  <system-out/>
  <testcase classname="com.careerhack.runners.TestRunners" name="runScenario" time="7.450"/>
  <system-out/>
</testsuite> <!-- com.careerhack.runners.TestRunners -->
